2023-04-22 23:19:05.287 INFO  org.springframework.boot.test.autoconfigure.orm.jpa.DataJpaTestContextBootstrapper Line:305 - Neither @ContextConfiguration nor @ContextHierarchy found for test class [com.jpa.QuerydslTest], using SpringBootContextLoader
2023-04-22 23:19:05.290 INFO  org.springframework.test.context.support.AbstractContextLoader Line:264 - Could not detect default resource locations for test class [com.jpa.QuerydslTest]: no resource found for suffixes {-context.xml, Context.groovy}.
2023-04-22 23:19:05.290 INFO  org.springframework.test.context.support.AnnotationConfigContextLoaderUtils Line:83  - Could not detect default configuration classes for test class [com.jpa.QuerydslTest]: QuerydslTest does not declare any static, non-private, non-final, nested classes annotated with @Configuration.
2023-04-22 23:19:05.343 INFO  org.springframework.boot.test.context.SpringBootTestContextBootstrapper Line:238 - Found @SpringBootConfiguration com.jpa.JpaSpringBootApplication for test class com.jpa.QuerydslTest
2023-04-22 23:19:05.345 INFO  org.springframework.boot.test.autoconfigure.orm.jpa.DataJpaTestContextBootstrapper Line:245 - Loaded default TestExecutionListener class names from location [META-INF/spring.factories]: [org.springframework.boot.test.mock.mockito.MockitoTestExecutionListener, org.springframework.boot.test.mock.mockito.ResetMocksTestExecutionListener, org.springframework.boot.test.autoconfigure.restdocs.RestDocsTestExecutionListener, org.springframework.boot.test.autoconfigure.web.client.MockRestServiceServerResetTestExecutionListener, org.springframework.boot.test.autoconfigure.web.servlet.MockMvcPrintOnlyOnFailureTestExecutionListener, org.springframework.boot.test.autoconfigure.web.servlet.WebDriverTestExecutionListener, org.springframework.boot.test.autoconfigure.webservices.client.MockWebServiceServerTestExecutionListener, org.springframework.test.context.web.ServletTestExecutionListener, org.springframework.test.context.support.DirtiesContextBeforeModesTestExecutionListener, org.springframework.test.context.event.ApplicationEventsTestExecutionListener, org.springframework.test.context.support.DependencyInjectionTestExecutionListener, org.springframework.test.context.support.DirtiesContextTestExecutionListener, org.springframework.test.context.transaction.TransactionalTestExecutionListener, org.springframework.test.context.jdbc.SqlScriptsTestExecutionListener, org.springframework.test.context.event.EventPublishingTestExecutionListener]
2023-04-22 23:19:05.351 INFO  org.springframework.boot.test.autoconfigure.orm.jpa.DataJpaTestContextBootstrapper Line:174 - Using TestExecutionListeners: [org.springframework.test.context.web.ServletTestExecutionListener@4d9ac0b4, org.springframework.test.context.support.DirtiesContextBeforeModesTestExecutionListener@130dca52, org.springframework.test.context.event.ApplicationEventsTestExecutionListener@2654635, org.springframework.boot.test.mock.mockito.MockitoTestExecutionListener@737a135b, org.springframework.boot.test.autoconfigure.SpringBootDependencyInjectionTestExecutionListener@687ef2e0, org.springframework.test.context.support.DirtiesContextTestExecutionListener@15dcfae7, org.springframework.test.context.transaction.TransactionalTestExecutionListener@3da05287, org.springframework.test.context.jdbc.SqlScriptsTestExecutionListener@1e636ea3, org.springframework.test.context.event.EventPublishingTestExecutionListener@115667d, org.springframework.boot.test.mock.mockito.ResetMocksTestExecutionListener@736caf7a, org.springframework.boot.test.autoconfigure.restdocs.RestDocsTestExecutionListener@4ce7fffa, org.springframework.boot.test.autoconfigure.web.client.MockRestServiceServerResetTestExecutionListener@497486b3, org.springframework.boot.test.autoconfigure.web.servlet.MockMvcPrintOnlyOnFailureTestExecutionListener@63f8276e, org.springframework.boot.test.autoconfigure.web.servlet.WebDriverTestExecutionListener@75f95314, org.springframework.boot.test.autoconfigure.webservices.client.MockWebServiceServerTestExecutionListener@6127a7e]
2023-04-22 23:19:05.801 INFO  org.hibernate.validator.internal.util.Version Line:21  - HV000001: Hibernate Validator 6.2.5.Final
2023-04-22 23:19:05.804 INFO  com.jpa.QuerydslTest Line:55  - Starting QuerydslTest using Java 17.0.7 on chengsukaideMacBook-Pro.local with PID 52056 (started by chengsukai in /Users/chengsukai/Desktop/workspace/study/generic-programing/spring-boot-jpa)
2023-04-22 23:19:05.805 INFO  com.jpa.QuerydslTest Line:631 - No active profile set, falling back to 1 default profile: "default"
2023-04-22 23:19:05.970 INFO  org.springframework.data.repository.config.RepositoryConfigurationDelegate Line:262 - Multiple Spring Data modules found, entering strict repository configuration mode
2023-04-22 23:19:05.971 INFO  org.springframework.data.repository.config.RepositoryConfigurationDelegate Line:132 - Bootstrapping Spring Data JPA repositories in DEFAULT mode.
2023-04-22 23:19:06.057 INFO  org.springframework.data.repository.config.RepositoryConfigurationDelegate Line:201 - Finished Spring Data repository scanning in 80 ms. Found 7 JPA repository interfaces.
2023-04-22 23:19:06.239 INFO  org.hibernate.jpa.internal.util.LogHelper Line:31  - HHH000204: Processing PersistenceUnitInfo [name: default]
2023-04-22 23:19:06.268 INFO  org.hibernate.Version Line:44  - HHH000412: Hibernate ORM core version 5.6.14.Final
2023-04-22 23:19:06.332 INFO  org.hibernate.annotations.common.Version Line:56  - HCANN000001: Hibernate Commons Annotations {5.1.2.Final}
2023-04-22 23:19:06.384 INFO  com.zaxxer.hikari.HikariDataSource Line:110 - MyHikariCP - Starting...
2023-04-22 23:19:07.489 INFO  org.hibernate.dialect.Dialect Line:175 - HHH000400: Using dialect: com.jpa.dialect.PostgreSQL9DialectWithoutFK
2023-04-22 23:19:07.837 INFO  com.zaxxer.hikari.HikariDataSource Line:110 - MyHikariCP - Starting...
2023-04-22 23:19:08.866 INFO  org.springframework.boot.autoconfigure.logging.ConditionEvaluationReportLoggingListener Line:136 - 

Error starting ApplicationContext. To display the conditions report re-run your application with 'debug' enabled.
2023-04-22 23:19:08.904 INFO  com.jpa.QuerydslTest Line:55  - Starting QuerydslTest using Java 17.0.7 on chengsukaideMacBook-Pro.local with PID 52056 (started by chengsukai in /Users/chengsukai/Desktop/workspace/study/generic-programing/spring-boot-jpa)
2023-04-22 23:19:08.904 INFO  com.jpa.QuerydslTest Line:631 - No active profile set, falling back to 1 default profile: "default"
2023-04-22 23:19:08.944 INFO  org.springframework.data.repository.config.RepositoryConfigurationDelegate Line:262 - Multiple Spring Data modules found, entering strict repository configuration mode
2023-04-22 23:19:08.944 INFO  org.springframework.data.repository.config.RepositoryConfigurationDelegate Line:132 - Bootstrapping Spring Data JPA repositories in DEFAULT mode.
2023-04-22 23:19:08.952 INFO  org.springframework.data.repository.config.RepositoryConfigurationDelegate Line:201 - Finished Spring Data repository scanning in 8 ms. Found 7 JPA repository interfaces.
2023-04-22 23:19:08.993 INFO  org.hibernate.jpa.internal.util.LogHelper Line:31  - HHH000204: Processing PersistenceUnitInfo [name: default]
2023-04-22 23:19:08.995 INFO  com.zaxxer.hikari.HikariDataSource Line:110 - MyHikariCP - Starting...
2023-04-22 23:19:10.012 INFO  org.hibernate.dialect.Dialect Line:175 - HHH000400: Using dialect: com.jpa.dialect.PostgreSQL9DialectWithoutFK
2023-04-22 23:19:10.074 INFO  com.zaxxer.hikari.HikariDataSource Line:110 - MyHikariCP - Starting...
2023-04-22 23:19:11.082 INFO  org.springframework.boot.autoconfigure.logging.ConditionEvaluationReportLoggingListener Line:136 - 

Error starting ApplicationContext. To display the conditions report re-run your application with 'debug' enabled.
