2023-04-23 10:20:27.079 INFO  org.hibernate.validator.internal.util.Version Line:21  - HV000001: Hibernate Validator 6.2.5.Final
2023-04-23 10:20:27.082 INFO  com.jpa.JpaSpringBootApplication Line:55  - Starting JpaSpringBootApplication using Java 17.0.7 on chengsukaideMacBook-Pro.local with PID 55030 (/Users/chengsukai/Desktop/workspace/study/generic-programing/spring-boot-jpa/target/classes started by chengsukai in /Users/chengsukai/Desktop/workspace/study/generic-programing)
2023-04-23 10:20:27.082 INFO  com.jpa.JpaSpringBootApplication Line:631 - No active profile set, falling back to 1 default profile: "default"
2023-04-23 10:20:27.402 INFO  org.springframework.data.repository.config.RepositoryConfigurationDelegate Line:262 - Multiple Spring Data modules found, entering strict repository configuration mode
2023-04-23 10:20:27.403 INFO  org.springframework.data.repository.config.RepositoryConfigurationDelegate Line:132 - Bootstrapping Spring Data Redis repositories in DEFAULT mode.
2023-04-23 10:20:27.426 INFO  org.springframework.data.repository.config.RepositoryConfigurationExtensionSupport Line:349 - Spring Data Redis - Could not safely identify store assignment for repository candidate interface com.jpa.repository.GuestRepository; If you want this repository to be a Redis repository, consider annotating your entities with one of these annotations: org.springframework.data.redis.core.RedisHash (preferred), or consider extending one of the following types with your repository: org.springframework.data.keyvalue.repository.KeyValueRepository
2023-04-23 10:20:27.427 INFO  org.springframework.data.repository.config.RepositoryConfigurationExtensionSupport Line:349 - Spring Data Redis - Could not safely identify store assignment for repository candidate interface com.jpa.repository.RoomRepository; If you want this repository to be a Redis repository, consider annotating your entities with one of these annotations: org.springframework.data.redis.core.RedisHash (preferred), or consider extending one of the following types with your repository: org.springframework.data.keyvalue.repository.KeyValueRepository
2023-04-23 10:20:27.428 INFO  org.springframework.data.repository.config.RepositoryConfigurationExtensionSupport Line:349 - Spring Data Redis - Could not safely identify store assignment for repository candidate interface com.jpa.repository.StudentRepository; If you want this repository to be a Redis repository, consider annotating your entities with one of these annotations: org.springframework.data.redis.core.RedisHash (preferred), or consider extending one of the following types with your repository: org.springframework.data.keyvalue.repository.KeyValueRepository
2023-04-23 10:20:27.429 INFO  org.springframework.data.repository.config.RepositoryConfigurationExtensionSupport Line:349 - Spring Data Redis - Could not safely identify store assignment for repository candidate interface com.jpa.repository.TeacherRepository; If you want this repository to be a Redis repository, consider annotating your entities with one of these annotations: org.springframework.data.redis.core.RedisHash (preferred), or consider extending one of the following types with your repository: org.springframework.data.keyvalue.repository.KeyValueRepository
2023-04-23 10:20:27.430 INFO  org.springframework.data.repository.config.RepositoryConfigurationExtensionSupport Line:349 - Spring Data Redis - Could not safely identify store assignment for repository candidate interface com.jpa.repository.UserExtendRepository; If you want this repository to be a Redis repository, consider annotating your entities with one of these annotations: org.springframework.data.redis.core.RedisHash (preferred), or consider extending one of the following types with your repository: org.springframework.data.keyvalue.repository.KeyValueRepository
2023-04-23 10:20:27.431 INFO  org.springframework.data.repository.config.RepositoryConfigurationExtensionSupport Line:349 - Spring Data Redis - Could not safely identify store assignment for repository candidate interface com.jpa.repository.UserInfoRepository; If you want this repository to be a Redis repository, consider annotating your entities with one of these annotations: org.springframework.data.redis.core.RedisHash (preferred), or consider extending one of the following types with your repository: org.springframework.data.keyvalue.repository.KeyValueRepository
2023-04-23 10:20:27.432 INFO  org.springframework.data.repository.config.RepositoryConfigurationExtensionSupport Line:349 - Spring Data Redis - Could not safely identify store assignment for repository candidate interface com.jpa.repository.UserRepository; If you want this repository to be a Redis repository, consider annotating your entities with one of these annotations: org.springframework.data.redis.core.RedisHash (preferred), or consider extending one of the following types with your repository: org.springframework.data.keyvalue.repository.KeyValueRepository
2023-04-23 10:20:27.432 INFO  org.springframework.data.repository.config.RepositoryConfigurationDelegate Line:201 - Finished Spring Data repository scanning in 21 ms. Found 0 Redis repository interfaces.
2023-04-23 10:20:27.693 INFO  org.springframework.boot.web.embedded.tomcat.TomcatWebServer Line:108 - Tomcat initialized with port(s): 8055 (http)
2023-04-23 10:20:27.699 INFO  org.apache.coyote.http11.Http11NioProtocol Line:173 - Initializing ProtocolHandler ["http-nio-8055"]
2023-04-23 10:20:27.699 INFO  org.apache.catalina.core.StandardService Line:173 - Starting service [Tomcat]
2023-04-23 10:20:27.699 INFO  org.apache.catalina.core.StandardEngine Line:173 - Starting Servlet engine: [Apache Tomcat/9.0.69]
2023-04-23 10:20:27.764 INFO  org.apache.catalina.core.ContainerBase.[Tomcat].[localhost].[/] Line:173 - Initializing Spring embedded WebApplicationContext
2023-04-23 10:20:27.765 INFO  org.springframework.boot.web.servlet.context.ServletWebServerApplicationContext Line:292 - Root WebApplicationContext: initialization completed in 662 ms
2023-04-23 10:20:27.805 INFO  org.apache.catalina.core.StandardService Line:173 - Stopping service [Tomcat]
2023-04-23 10:20:27.819 INFO  org.springframework.boot.autoconfigure.logging.ConditionEvaluationReportLoggingListener Line:136 - 

Error starting ApplicationContext. To display the conditions report re-run your application with 'debug' enabled.
2023-04-23 10:21:27.135 INFO  org.hibernate.validator.internal.util.Version Line:21  - HV000001: Hibernate Validator 6.2.5.Final
2023-04-23 10:21:27.137 INFO  com.jpa.JpaSpringBootApplication Line:55  - Starting JpaSpringBootApplication using Java 17.0.7 on chengsukaideMacBook-Pro.local with PID 55072 (/Users/chengsukai/Desktop/workspace/study/generic-programing/spring-boot-jpa/target/classes started by chengsukai in /Users/chengsukai/Desktop/workspace/study/generic-programing)
2023-04-23 10:21:27.137 INFO  com.jpa.JpaSpringBootApplication Line:631 - No active profile set, falling back to 1 default profile: "default"
2023-04-23 10:21:27.465 INFO  org.springframework.data.repository.config.RepositoryConfigurationDelegate Line:262 - Multiple Spring Data modules found, entering strict repository configuration mode
2023-04-23 10:21:27.466 INFO  org.springframework.data.repository.config.RepositoryConfigurationDelegate Line:132 - Bootstrapping Spring Data JPA repositories in DEFAULT mode.
2023-04-23 10:21:27.554 INFO  org.springframework.data.repository.config.RepositoryConfigurationDelegate Line:201 - Finished Spring Data repository scanning in 84 ms. Found 7 JPA repository interfaces.
2023-04-23 10:21:27.563 INFO  org.springframework.data.repository.config.RepositoryConfigurationDelegate Line:262 - Multiple Spring Data modules found, entering strict repository configuration mode
2023-04-23 10:21:27.564 INFO  org.springframework.data.repository.config.RepositoryConfigurationDelegate Line:132 - Bootstrapping Spring Data Redis repositories in DEFAULT mode.
2023-04-23 10:21:27.571 INFO  org.springframework.data.repository.config.RepositoryConfigurationExtensionSupport Line:349 - Spring Data Redis - Could not safely identify store assignment for repository candidate interface com.jpa.repository.GuestRepository; If you want this repository to be a Redis repository, consider annotating your entities with one of these annotations: org.springframework.data.redis.core.RedisHash (preferred), or consider extending one of the following types with your repository: org.springframework.data.keyvalue.repository.KeyValueRepository
2023-04-23 10:21:27.572 INFO  org.springframework.data.repository.config.RepositoryConfigurationExtensionSupport Line:349 - Spring Data Redis - Could not safely identify store assignment for repository candidate interface com.jpa.repository.RoomRepository; If you want this repository to be a Redis repository, consider annotating your entities with one of these annotations: org.springframework.data.redis.core.RedisHash (preferred), or consider extending one of the following types with your repository: org.springframework.data.keyvalue.repository.KeyValueRepository
2023-04-23 10:21:27.573 INFO  org.springframework.data.repository.config.RepositoryConfigurationExtensionSupport Line:349 - Spring Data Redis - Could not safely identify store assignment for repository candidate interface com.jpa.repository.StudentRepository; If you want this repository to be a Redis repository, consider annotating your entities with one of these annotations: org.springframework.data.redis.core.RedisHash (preferred), or consider extending one of the following types with your repository: org.springframework.data.keyvalue.repository.KeyValueRepository
2023-04-23 10:21:27.576 INFO  org.springframework.data.repository.config.RepositoryConfigurationExtensionSupport Line:349 - Spring Data Redis - Could not safely identify store assignment for repository candidate interface com.jpa.repository.TeacherRepository; If you want this repository to be a Redis repository, consider annotating your entities with one of these annotations: org.springframework.data.redis.core.RedisHash (preferred), or consider extending one of the following types with your repository: org.springframework.data.keyvalue.repository.KeyValueRepository
2023-04-23 10:21:27.577 INFO  org.springframework.data.repository.config.RepositoryConfigurationExtensionSupport Line:349 - Spring Data Redis - Could not safely identify store assignment for repository candidate interface com.jpa.repository.UserExtendRepository; If you want this repository to be a Redis repository, consider annotating your entities with one of these annotations: org.springframework.data.redis.core.RedisHash (preferred), or consider extending one of the following types with your repository: org.springframework.data.keyvalue.repository.KeyValueRepository
2023-04-23 10:21:27.578 INFO  org.springframework.data.repository.config.RepositoryConfigurationExtensionSupport Line:349 - Spring Data Redis - Could not safely identify store assignment for repository candidate interface com.jpa.repository.UserInfoRepository; If you want this repository to be a Redis repository, consider annotating your entities with one of these annotations: org.springframework.data.redis.core.RedisHash (preferred), or consider extending one of the following types with your repository: org.springframework.data.keyvalue.repository.KeyValueRepository
2023-04-23 10:21:27.578 INFO  org.springframework.data.repository.config.RepositoryConfigurationExtensionSupport Line:349 - Spring Data Redis - Could not safely identify store assignment for repository candidate interface com.jpa.repository.UserRepository; If you want this repository to be a Redis repository, consider annotating your entities with one of these annotations: org.springframework.data.redis.core.RedisHash (preferred), or consider extending one of the following types with your repository: org.springframework.data.keyvalue.repository.KeyValueRepository
2023-04-23 10:21:27.578 INFO  org.springframework.data.repository.config.RepositoryConfigurationDelegate Line:201 - Finished Spring Data repository scanning in 9 ms. Found 0 Redis repository interfaces.
2023-04-23 10:21:27.857 INFO  org.springframework.boot.web.embedded.tomcat.TomcatWebServer Line:108 - Tomcat initialized with port(s): 8055 (http)
2023-04-23 10:21:27.868 INFO  org.apache.coyote.http11.Http11NioProtocol Line:173 - Initializing ProtocolHandler ["http-nio-8055"]
2023-04-23 10:21:27.868 INFO  org.apache.catalina.core.StandardService Line:173 - Starting service [Tomcat]
2023-04-23 10:21:27.868 INFO  org.apache.catalina.core.StandardEngine Line:173 - Starting Servlet engine: [Apache Tomcat/9.0.69]
2023-04-23 10:21:27.922 INFO  org.apache.catalina.core.ContainerBase.[Tomcat].[localhost].[/] Line:173 - Initializing Spring embedded WebApplicationContext
2023-04-23 10:21:27.922 INFO  org.springframework.boot.web.servlet.context.ServletWebServerApplicationContext Line:292 - Root WebApplicationContext: initialization completed in 765 ms
2023-04-23 10:21:28.004 INFO  org.hibernate.jpa.internal.util.LogHelper Line:31  - HHH000204: Processing PersistenceUnitInfo [name: default]
2023-04-23 10:21:28.033 INFO  org.hibernate.Version Line:44  - HHH000412: Hibernate ORM core version 5.6.14.Final
2023-04-23 10:21:28.106 INFO  org.hibernate.annotations.common.Version Line:56  - HCANN000001: Hibernate Commons Annotations {5.1.2.Final}
2023-04-23 10:21:28.153 INFO  com.zaxxer.hikari.HikariDataSource Line:110 - MyHikariCP - Starting...
2023-04-23 10:21:29.214 INFO  org.hibernate.dialect.Dialect Line:175 - HHH000400: Using dialect: com.jpa.dialect.PostgreSQL9DialectWithoutFK
2023-04-23 10:21:29.549 INFO  com.zaxxer.hikari.HikariDataSource Line:110 - MyHikariCP - Starting...
2023-04-23 10:21:30.576 INFO  org.apache.catalina.core.StandardService Line:173 - Stopping service [Tomcat]
2023-04-23 10:21:30.584 INFO  org.springframework.boot.autoconfigure.logging.ConditionEvaluationReportLoggingListener Line:136 - 

Error starting ApplicationContext. To display the conditions report re-run your application with 'debug' enabled.
